[    3090ms] [WARNING] [JavaScript Warning: "WebGL context was lost." {file: "http://localhost:5173/node_modules/.vite/deps/maplibre-gl.js?v=640ea4d0" line: 23211}] @ http://localhost:5173/node_modules/.vite/deps/maplibre-gl.js?v=640ea4d0:23211
[    5349ms] [WARNING] [JavaScript Warning: "WebGL warning: texImage: Alpha-premult and y-flip are deprecated for non-DOM-Element uploads."] @ :0
[    5350ms] [WARNING] [JavaScript Warning: "WebGL warning: texImage: Alpha-premult and y-flip are deprecated for non-DOM-Element uploads."] @ :0
[    5351ms] [WARNING] [JavaScript Warning: "WebGL warning: texImage: Alpha-premult and y-flip are deprecated for non-DOM-Element uploads."] @ :0
[    5351ms] [WARNING] [JavaScript Warning: "WebGL warning: texImage: Alpha-premult and y-flip are deprecated for non-DOM-Element uploads."] @ :0
[    5621ms] [WARNING] [JavaScript Warning: "WebGL warning: texImage: Alpha-premult and y-flip are deprecated for non-DOM-Element uploads."] @ :0
[    5621ms] [WARNING] [JavaScript Warning: "WebGL warning: texImage: Alpha-premult and y-flip are deprecated for non-DOM-Element uploads."] @ :0
[    5621ms] [WARNING] [JavaScript Warning: "WebGL warning: texImage: Alpha-premult and y-flip are deprecated for non-DOM-Element uploads."] @ :0
[    5621ms] [WARNING] [JavaScript Warning: "WebGL warning: texImage: Alpha-premult and y-flip are deprecated for non-DOM-Element uploads."] @ :0
[   92449ms] [WARNING] [JavaScript Warning: "WebGL warning: texImage: Alpha-premult and y-flip are deprecated for non-DOM-Element uploads."] @ :0
[   92450ms] [WARNING] [JavaScript Warning: "WebGL warning: texImage: Alpha-premult and y-flip are deprecated for non-DOM-Element uploads."] @ :0
[   92450ms] [WARNING] [JavaScript Warning: "WebGL warning: texImage: Alpha-premult and y-flip are deprecated for non-DOM-Element uploads."] @ :0
[   92450ms] [WARNING] [JavaScript Warning: "WebGL warning: texImage: Alpha-premult and y-flip are deprecated for non-DOM-Element uploads."] @ :0
[  293490ms] [ERROR] The final argument passed to useEffect changed size between renders. The order and size of this array must remain constant.

Previous: [goal-birds, false]
Incoming: [goal-birds, false, 72d53c8b-9f83-493a-aa99-f933f6608435] @ http://localhost:5173/node_modules/.vite/deps/react-dom_client.js?v=640ea4d0:5627
[  319317ms] [ERROR] The final argument passed to useEffect changed size between renders. The order and size of this array must remain constant.

Previous: [72d53c8b-9f83-493a-aa99-f933f6608435, [object Object],[object Object]]
Incoming: [72d53c8b-9f83-493a-aa99-f933f6608435] @ http://localhost:5173/node_modules/.vite/deps/react-dom_client.js?v=640ea4d0:5627
[  327778ms] [ERROR] The final argument passed to useEffect changed size between renders. The order and size of this array must remain constant.

Previous: [goal-birds, false, 72d53c8b-9f83-493a-aa99-f933f6608435]
Incoming: [goal-birds, false] @ http://localhost:5173/node_modules/.vite/deps/react-dom_client.js?v=640ea4d0:5627
