[    3703ms] [WARNING] [JavaScript Warning: "WebGL context was lost." {file: "http://localhost:5183/node_modules/.vite/deps/maplibre-gl.js?v=640ea4d0" line: 23211}] @ http://localhost:5183/node_modules/.vite/deps/maplibre-gl.js?v=640ea4d0:23211
[    3708ms] ReferenceError: setGoalSpeciesIdSetReady is not defined
    at buildGoalSpeciesIdSet (http://localhost:5183/src/components/MapView.tsx:48:9)
    at MapView/< (http://localhost:5183/src/components/MapView.tsx:76:5)
    at react_stack_bottom_frame (http://localhost:5183/node_modules/.vite/deps/react-dom_client.js?v=640ea4d0:18567:20)
    at runWithFiberInDEV (http://localhost:5183/node_modules/.vite/deps/react-dom_client.js?v=640ea4d0:999:15)
    at commitHookEffectListMount (http://localhost:5183/node_modules/.vite/deps/react-dom_client.js?v=640ea4d0:9411:163)
    at commitHookPassiveMountEffects (http://localhost:5183/node_modules/.vite/deps/react-dom_client.js?v=640ea4d0:9465:60)
    at commitPassiveMountOnFiber (http://localhost:5183/node_modules/.vite/deps/react-dom_client.js?v=640ea4d0:11040:29)
    at recursivelyTraversePassiveMountEffects (http://localhost:5183/node_modules/.vite/deps/react-dom_client.js?v=640ea4d0:11010:38)
    at commitPassiveMountOnFiber (http://localhost:5183/node_modules/.vite/deps/react-dom_client.js?v=640ea4d0:11201:51)
    at recursivelyTraversePassiveMountEffects (http://localhost:5183/node_modules/.vite/deps/react-dom_client.js?v=640ea4d0:11010:38)
    at commitPassiveMountOnFiber (http://localhost:5183/node_modules/.vite/deps/react-dom_client.js?v=640ea4d0:11201:51)
    at recursivelyTraversePassiveMountEffects (http://localhost:5183/node_modules/.vite/deps/react-dom_client.js?v=640ea4d0:11010:38)
    at commitPassiveMountOnFiber (http://localhost:5183/node_modules/.vite/deps/react-dom_client.js?v=640ea4d0:11201:51)
    at recursivelyTraversePassiveMountEffects (http://localhost:5183/node_modules/.vite/deps/react-dom_client.js?v=640ea4d0:11010:38)
    at commitPassiveMountOnFiber (http://localhost:5183/node_modules/.vite/deps/react-dom_client.js?v=640ea4d0:11033:51)
    at recursivelyTraversePassiveMountEffects (http://localhost:5183/node_modules/.vite/deps/react-dom_client.js?v=640ea4d0:11010:38)
    at commitPassiveMountOnFiber (http://localhost:5183/node_modules/.vite/deps/react-dom_client.js?v=640ea4d0:11201:51)
    at recursivelyTraversePassiveMountEffects (http://localhost:5183/node_modules/.vite/deps/react-dom_client.js?v=640ea4d0:11010:38)
    at commitPassiveMountOnFiber (http://localhost:5183/node_modules/.vite/deps/react-dom_client.js?v=640ea4d0:11033:51)
    at recursivelyTraversePassiveMountEffects (http://localhost:5183/node_modules/.vite/deps/react-dom_client.js?v=640ea4d0:11010:38)
    at commitPassiveMountOnFiber (http://localhost:5183/node_modules/.vite/deps/react-dom_client.js?v=640ea4d0:11201:51)
    at recursivelyTraversePassiveMountEffects (http://localhost:5183/node_modules/.vite/deps/react-dom_client.js?v=640ea4d0:11010:38)
    at commitPassiveMountOnFiber (http://localhost:5183/node_modules/.vite/deps/react-dom_client.js?v=640ea4d0:11066:51)
    at flushPassiveEffects (http://localhost:5183/node_modules/.vite/deps/react-dom_client.js?v=640ea4d0:13150:36)
    at node_modules/react-dom/cjs/react-dom-client.development.js/commitRoot/< (http://localhost:5183/node_modules/.vite/deps/react-dom_client.js?v=640ea4d0:12776:13)
    at performWorkUntilDeadline (http://localhost:5183/node_modules/.vite/deps/react-dom_client.js?v=640ea4d0:36:58)
[    3708ms] ReferenceError: setGoalSpeciesIdSetReady is not defined
    at buildGoalSpeciesIdSet (http://localhost:5183/src/components/MapView.tsx:48:9)
    at MapView/< (http://localhost:5183/src/components/MapView.tsx:76:5)
    at react_stack_bottom_frame (http://localhost:5183/node_modules/.vite/deps/react-dom_client.js?v=640ea4d0:18567:20)
    at runWithFiberInDEV (http://localhost:5183/node_modules/.vite/deps/react-dom_client.js?v=640ea4d0:999:15)
    at commitHookEffectListMount (http://localhost:5183/node_modules/.vite/deps/react-dom_client.js?v=640ea4d0:9411:163)
    at commitHookPassiveMountEffects (http://localhost:5183/node_modules/.vite/deps/react-dom_client.js?v=640ea4d0:9465:60)
    at reconnectPassiveEffects (http://localhost:5183/node_modules/.vite/deps/react-dom_client.js?v=640ea4d0:11273:42)
    at recursivelyTraverseReconnectPassiveEffects (http://localhost:5183/node_modules/.vite/deps/react-dom_client.js?v=640ea4d0:11240:34)
    at reconnectPassiveEffects (http://localhost:5183/node_modules/.vite/deps/react-dom_client.js?v=640ea4d0:11317:55)
    at recursivelyTraverseReconnectPassiveEffects (http://localhost:5183/node_modules/.vite/deps/react-dom_client.js?v=640ea4d0:11240:34)
    at reconnectPassiveEffects (http://localhost:5183/node_modules/.vite/deps/react-dom_client.js?v=640ea4d0:11317:55)
    at recursivelyTraverseReconnectPassiveEffects (http://localhost:5183/node_modules/.vite/deps/react-dom_client.js?v=640ea4d0:11240:34)
    at reconnectPassiveEffects (http://localhost:5183/node_modules/.vite/deps/react-dom_client.js?v=640ea4d0:11317:55)
    at recursivelyTraverseReconnectPassiveEffects (http://localhost:5183/node_modules/.vite/deps/react-dom_client.js?v=640ea4d0:11240:34)
    at reconnectPassiveEffects (http://localhost:5183/node_modules/.vite/deps/react-dom_client.js?v=640ea4d0:11265:55)
    at recursivelyTraverseReconnectPassiveEffects (http://localhost:5183/node_modules/.vite/deps/react-dom_client.js?v=640ea4d0:11240:34)
    at reconnectPassiveEffects (http://localhost:5183/node_modules/.vite/deps/react-dom_client.js?v=640ea4d0:11317:55)
    at doubleInvokeEffectsOnFiber (http://localhost:5183/node_modules/.vite/deps/react-dom_client.js?v=640ea4d0:13339:135)
    at runWithFiberInDEV (http://localhost:5183/node_modules/.vite/deps/react-dom_client.js?v=640ea4d0:999:15)
    at recursivelyTraverseAndDoubleInvokeEffectsInDEV (http://localhost:5183/node_modules/.vite/deps/react-dom_client.js?v=640ea4d0:13312:78)
    at recursivelyTraverseAndDoubleInvokeEffectsInDEV (http://localhost:5183/node_modules/.vite/deps/react-dom_client.js?v=640ea4d0:13317:17)
    at recursivelyTraverseAndDoubleInvokeEffectsInDEV (http://localhost:5183/node_modules/.vite/deps/react-dom_client.js?v=640ea4d0:13317:17)
    at commitDoubleInvokeEffectsInDEV (http://localhost:5183/node_modules/.vite/deps/react-dom_client.js?v=640ea4d0:13347:55)
    at flushPassiveEffects (http://localhost:5183/node_modules/.vite/deps/react-dom_client.js?v=640ea4d0:13157:41)
    at node_modules/react-dom/cjs/react-dom-client.development.js/commitRoot/< (http://localhost:5183/node_modules/.vite/deps/react-dom_client.js?v=640ea4d0:12776:13)
    at performWorkUntilDeadline (http://localhost:5183/node_modules/.vite/deps/react-dom_client.js?v=640ea4d0:36:58)
[    3709ms] ReferenceError: setGoalSpeciesIdSetReady is not defined
    at buildGoalSpeciesIdSet (http://localhost:5183/src/components/MapView.tsx:48:9)
    at MapView/< (http://localhost:5183/src/components/MapView.tsx:76:5)
    at react_stack_bottom_frame (http://localhost:5183/node_modules/.vite/deps/react-dom_client.js?v=640ea4d0:18567:20)
    at runWithFiberInDEV (http://localhost:5183/node_modules/.vite/deps/react-dom_client.js?v=640ea4d0:999:15)
    at commitHookEffectListMount (http://localhost:5183/node_modules/.vite/deps/react-dom_client.js?v=640ea4d0:9411:163)
    at commitHookPassiveMountEffects (http://localhost:5183/node_modules/.vite/deps/react-dom_client.js?v=640ea4d0:9465:60)
    at commitPassiveMountOnFiber (http://localhost:5183/node_modules/.vite/deps/react-dom_client.js?v=640ea4d0:11040:29)
    at recursivelyTraversePassiveMountEffects (http://localhost:5183/node_modules/.vite/deps/react-dom_client.js?v=640ea4d0:11010:38)
    at commitPassiveMountOnFiber (http://localhost:5183/node_modules/.vite/deps/react-dom_client.js?v=640ea4d0:11201:51)
    at recursivelyTraversePassiveMountEffects (http://localhost:5183/node_modules/.vite/deps/react-dom_client.js?v=640ea4d0:11010:38)
    at commitPassiveMountOnFiber (http://localhost:5183/node_modules/.vite/deps/react-dom_client.js?v=640ea4d0:11201:51)
    at recursivelyTraversePassiveMountEffects (http://localhost:5183/node_modules/.vite/deps/react-dom_client.js?v=640ea4d0:11010:38)
    at commitPassiveMountOnFiber (http://localhost:5183/node_modules/.vite/deps/react-dom_client.js?v=640ea4d0:11201:51)
    at recursivelyTraversePassiveMountEffects (http://localhost:5183/node_modules/.vite/deps/react-dom_client.js?v=640ea4d0:11010:38)
    at commitPassiveMountOnFiber (http://localhost:5183/node_modules/.vite/deps/react-dom_client.js?v=640ea4d0:11033:51)
    at recursivelyTraversePassiveMountEffects (http://localhost:5183/node_modules/.vite/deps/react-dom_client.js?v=640ea4d0:11010:38)
    at commitPassiveMountOnFiber (http://localhost:5183/node_modules/.vite/deps/react-dom_client.js?v=640ea4d0:11201:51)
    at recursivelyTraversePassiveMountEffects (http://localhost:5183/node_modules/.vite/deps/react-dom_client.js?v=640ea4d0:11010:38)
    at commitPassiveMountOnFiber (http://localhost:5183/node_modules/.vite/deps/react-dom_client.js?v=640ea4d0:11033:51)
    at recursivelyTraversePassiveMountEffects (http://localhost:5183/node_modules/.vite/deps/react-dom_client.js?v=640ea4d0:11010:38)
    at commitPassiveMountOnFiber (http://localhost:5183/node_modules/.vite/deps/react-dom_client.js?v=640ea4d0:11201:51)
    at recursivelyTraversePassiveMountEffects (http://localhost:5183/node_modules/.vite/deps/react-dom_client.js?v=640ea4d0:11010:38)
    at commitPassiveMountOnFiber (http://localhost:5183/node_modules/.vite/deps/react-dom_client.js?v=640ea4d0:11066:51)
    at flushPassiveEffects (http://localhost:5183/node_modules/.vite/deps/react-dom_client.js?v=640ea4d0:13150:36)
    at node_modules/react-dom/cjs/react-dom-client.development.js/commitRoot/< (http://localhost:5183/node_modules/.vite/deps/react-dom_client.js?v=640ea4d0:12776:13)
    at performWorkUntilDeadline (http://localhost:5183/node_modules/.vite/deps/react-dom_client.js?v=640ea4d0:36:58)
    at EventHandlerNonNull*node_modules/scheduler/cjs/scheduler.development.js/< (http://localhost:5183/node_modules/.vite/deps/react-dom_client.js?v=640ea4d0:156:9)
    at node_modules/scheduler/cjs/scheduler.development.js (http://localhost:5183/node_modules/.vite/deps/react-dom_client.js?v=640ea4d0:266:7)
    at __require (http://localhost:5183/node_modules/.vite/deps/chunk-BUSYA2B4.js?v=640ea4d0:3:50)
    at node_modules/scheduler/index.js (http://localhost:5183/node_modules/.vite/deps/react-dom_client.js?v=640ea4d0:277:24)
    at __require (http://localhost:5183/node_modules/.vite/deps/chunk-BUSYA2B4.js?v=640ea4d0:3:50)
    at node_modules/react-dom/cjs/react-dom-client.development.js/< (http://localhost:5183/node_modules/.vite/deps/react-dom_client.js?v=640ea4d0:17259:23)
    at node_modules/react-dom/cjs/react-dom-client.development.js (http://localhost:5183/node_modules/.vite/deps/react-dom_client.js?v=640ea4d0:20177:7)
    at __require (http://localhost:5183/node_modules/.vite/deps/chunk-BUSYA2B4.js?v=640ea4d0:3:50)
    at node_modules/react-dom/client.js (http://localhost:5183/node_modules/.vite/deps/react-dom_client.js?v=640ea4d0:20188:24)
    at __require (http://localhost:5183/node_modules/.vite/deps/chunk-BUSYA2B4.js?v=640ea4d0:3:50)
    at  (http://localhost:5183/node_modules/.vite/deps/react-dom_client.js?v=640ea4d0:20192:16)
[    4772ms] [WARNING] [JavaScript Warning: "WebGL warning: texImage: Alpha-premult and y-flip are deprecated for non-DOM-Element uploads."] @ :0
[    4780ms] [WARNING] [JavaScript Warning: "WebGL warning: texImage: Alpha-premult and y-flip are deprecated for non-DOM-Element uploads."] @ :0
[    4781ms] [WARNING] [JavaScript Warning: "WebGL warning: texImage: Alpha-premult and y-flip are deprecated for non-DOM-Element uploads."] @ :0
[    4781ms] [WARNING] [JavaScript Warning: "WebGL warning: texImage: Alpha-premult and y-flip are deprecated for non-DOM-Element uploads."] @ :0
[    6077ms] [WARNING] [JavaScript Warning: "WebGL warning: texImage: Alpha-premult and y-flip are deprecated for non-DOM-Element uploads."] @ :0
[    6078ms] [WARNING] [JavaScript Warning: "WebGL warning: texImage: Alpha-premult and y-flip are deprecated for non-DOM-Element uploads."] @ :0
[    6078ms] [WARNING] [JavaScript Warning: "WebGL warning: texImage: Alpha-premult and y-flip are deprecated for non-DOM-Element uploads."] @ :0
[    6078ms] [WARNING] [JavaScript Warning: "WebGL warning: texImage: Alpha-premult and y-flip are deprecated for non-DOM-Element uploads."] @ :0
