[    3424ms] [WARNING] [JavaScript Warning: "WebGL context was lost." {file: "http://localhost:5173/node_modules/.vite/deps/maplibre-gl.js?v=640ea4d0" line: 23211}] @ http://localhost:5173/node_modules/.vite/deps/maplibre-gl.js?v=640ea4d0:23211
[    4766ms] [WARNING] [JavaScript Warning: "WebGL warning: texImage: Alpha-premult and y-flip are deprecated for non-DOM-Element uploads."] @ :0
[    4854ms] [WARNING] [JavaScript Warning: "WebGL warning: texImage: Alpha-premult and y-flip are deprecated for non-DOM-Element uploads."] @ :0
[    4855ms] [WARNING] [JavaScript Warning: "WebGL warning: texImage: Alpha-premult and y-flip are deprecated for non-DOM-Element uploads."] @ :0
[    4855ms] [WARNING] [JavaScript Warning: "WebGL warning: texImage: Alpha-premult and y-flip are deprecated for non-DOM-Element uploads."] @ :0
[    5278ms] [WARNING] [JavaScript Warning: "WebGL warning: texImage: Alpha-premult and y-flip are deprecated for non-DOM-Element uploads."] @ :0
[    5303ms] [WARNING] [JavaScript Warning: "WebGL warning: texImage: Alpha-premult and y-flip are deprecated for non-DOM-Element uploads."] @ :0
[    5304ms] [WARNING] [JavaScript Warning: "WebGL warning: texImage: Alpha-premult and y-flip are deprecated for non-DOM-Element uploads."] @ :0
[    5305ms] [WARNING] [JavaScript Warning: "WebGL warning: texImage: Alpha-premult and y-flip are deprecated for non-DOM-Element uploads."] @ :0
[   10929ms] [ERROR] Failed to load goal lists: Error @ http://localhost:5173/src/components/SidePanel.tsx?t=1770500418707:697
[   10929ms] [ERROR] Failed to load goal lists: Error @ http://localhost:5173/src/components/SidePanel.tsx?t=1770500418707:697
[   60697ms] [ERROR] Failed to create goal list: Error @ http://localhost:5173/src/components/SidePanel.tsx?t=1770500418707:721
[  111707ms] [WARNING] [JavaScript Warning: "WebGL context was lost." {file: "http://localhost:5173/node_modules/.vite/deps/maplibre-gl.js?v=640ea4d0" line: 23211}] @ http://localhost:5173/node_modules/.vite/deps/maplibre-gl.js?v=640ea4d0:23211
[  112863ms] [WARNING] [JavaScript Warning: "WebGL warning: texImage: Alpha-premult and y-flip are deprecated for non-DOM-Element uploads."] @ :0
[  112864ms] [WARNING] [JavaScript Warning: "WebGL warning: texImage: Alpha-premult and y-flip are deprecated for non-DOM-Element uploads."] @ :0
[  112876ms] [WARNING] [JavaScript Warning: "WebGL warning: texImage: Alpha-premult and y-flip are deprecated for non-DOM-Element uploads."] @ :0
[  112877ms] [WARNING] [JavaScript Warning: "WebGL warning: texImage: Alpha-premult and y-flip are deprecated for non-DOM-Element uploads."] @ :0
[  113350ms] [WARNING] [JavaScript Warning: "WebGL warning: texImage: Alpha-premult and y-flip are deprecated for non-DOM-Element uploads."] @ :0
[  113375ms] [WARNING] [JavaScript Warning: "WebGL warning: texImage: Alpha-premult and y-flip are deprecated for non-DOM-Element uploads."] @ :0
[  113376ms] [WARNING] [JavaScript Warning: "WebGL warning: texImage: Alpha-premult and y-flip are deprecated for non-DOM-Element uploads."] @ :0
[  113379ms] [WARNING] [JavaScript Warning: "WebGL warning: texImage: Alpha-premult and y-flip are deprecated for non-DOM-Element uploads."] @ :0
